********************************************************************************
DUPLICATOR-LITE PACKAGE-LOG: November 9, 2020 6:14 am
NOTICE: Do NOT post to public sites or forums 
********************************************************************************
VERSION:	1.3.38
WORDPRESS:	5.5.3
PHP INFO:	7.2.33 | SAPI: apache2handler
SERVER:		Apache/2.4.46 (Win64) OpenSSL/1.1.1g PHP/7.2.33 
PHP TIME LIMIT: (0) no time limit imposed 
PHP MAX MEMORY: 4294967296 (1024M default) 
MEMORY STACK: 6MB

********************************************************************************
DATABASE:
********************************************************************************
BUILD MODE:   MYSQLDUMP
MYSQLTIMEOUT: 5000
MYSQLDUMP:    Is Supported
SQL CREATED: 20201027_easybuy_771b195727f1e6246568_20201109061413_database.sql
SQL FILE SIZE: 1.15MB (1208181)
SQL FILE TIME: 2020-11-09 06:14:34
SQL RUNTIME: 1.26 sec.

********************************************************************************
ARCHIVE (ZIP):
********************************************************************************
ARCHIVE DIR:  E:/xampp/htdocs/junno3
ARCHIVE FILE: 20201027_easybuy_771b195727f1e6246568_20201109061413_archive.zip
FILTERS: *OFF*
DIRS:
	not set
FILES:
	not set
EXTS:  not set
----------------------------------------
COMPRESSING
SIZE:	141.9MB
STATS:	Dirs 1,396 | Files 8,668
SQL ADDED: 20201027_easybuy_771b195727f1e6246568_20201109061413_database.sql
ZipArchive Object
(
    [status] => 0
    [statusSys] => 0
    [numFiles] => 10064
    [filename] => E:\xampp\htdocs\junno3\wp-content\backups-dup-lite\tmp\20201027_easybuy_771b195727f1e6246568_20201109061413_archive.zip
    [comment] => 
)

FILE ADDED TO ZIP: 10063
COMPRESSION RESULT: '1'
COMPRESSED SIZE: 54.27MB
ARCHIVE RUNTIME: 41.10 sec.
MEMORY STACK: 8MB
building installer
add_extra_files1
add_extra_files2
add_extra_files3
add_extra_files4
Doing archive file check
add_extra_files5
add_extra_files6
add_extra_files8
Successfully opened zip E:/xampp/htdocs/junno3/wp-content/backups-dup-lite/tmp/20201027_easybuy_771b195727f1e6246568_20201109061413_archive.zip
Adding enhanced installer files to archive using ZipArchive
Installer files added to archive
Added to archive
After ziparchive close when adding installer

********************************************************************************
INTEGRITY CHECKS:
********************************************************************************
SQL FILE: 1.15MB
INSTALLER FILE: 61.31KB
ARCHIVE FILE: 55.8MB 
EXPECTED FILE/DIRECTORY COUNT: 10,064
ACTUAL FILE/DIRECTORY COUNT: 10,063
ARCHIVE CONSISTENCY TEST: Pass

********************************************************************************
RECORD ID:[7]
TOTAL PROCESS RUNTIME: 43.74 sec.
PEAK PHP MEMORY USED: 12MB
DONE PROCESSING => 20201027_easybuy November 9, 2020 6:15 am

