********************************************************************************
DUPLICATOR-LITE PACKAGE-LOG: November 7, 2020 4:19 am
NOTICE: Do NOT post to public sites or forums 
********************************************************************************
VERSION:	1.3.38
WORDPRESS:	5.5.3
PHP INFO:	7.2.33 | SAPI: apache2handler
SERVER:		Apache/2.4.46 (Win64) OpenSSL/1.1.1g PHP/7.2.33 
PHP TIME LIMIT: (0) no time limit imposed 
PHP MAX MEMORY: 4294967296 (1024M default) 
MEMORY STACK: 6MB

********************************************************************************
DATABASE:
********************************************************************************
BUILD MODE:   MYSQLDUMP
MYSQLTIMEOUT: 5000
MYSQLDUMP:    Is Supported
SQL CREATED: 20201027_easybuy_e32865ff0a0d1d189319_20201107041903_database.sql
SQL FILE SIZE: 589.22KB (603360)
SQL FILE TIME: 2020-11-07 04:19:22
SQL RUNTIME: 1.80 sec.

********************************************************************************
ARCHIVE (ZIP):
********************************************************************************
ARCHIVE DIR:  E:/xampp/htdocs/junno3
ARCHIVE FILE: 20201027_easybuy_e32865ff0a0d1d189319_20201107041903_archive.zip
FILTERS: *OFF*
DIRS:
	not set
FILES:
	not set
EXTS:  not set
----------------------------------------
COMPRESSING
SIZE:	126.21MB
STATS:	Dirs 1,237 | Files 7,643
SQL ADDED: 20201027_easybuy_e32865ff0a0d1d189319_20201107041903_database.sql
ZipArchive Object
(
    [status] => 0
    [statusSys] => 0
    [numFiles] => 8880
    [filename] => E:\xampp\htdocs\junno3\wp-content\backups-dup-lite\tmp\20201027_easybuy_e32865ff0a0d1d189319_20201107041903_archive.zip
    [comment] => 
)

FILE ADDED TO ZIP: 8879
COMPRESSION RESULT: '1'
COMPRESSED SIZE: 44.37MB
ARCHIVE RUNTIME: 58.10 sec.
MEMORY STACK: 8MB
building installer
add_extra_files1
add_extra_files2
add_extra_files3
add_extra_files4
Doing archive file check
add_extra_files5
add_extra_files6
add_extra_files8
Successfully opened zip E:/xampp/htdocs/junno3/wp-content/backups-dup-lite/tmp/20201027_easybuy_e32865ff0a0d1d189319_20201107041903_archive.zip
Adding enhanced installer files to archive using ZipArchive
Installer files added to archive
Added to archive
After ziparchive close when adding installer

********************************************************************************
INTEGRITY CHECKS:
********************************************************************************
SQL FILE: 589.22KB
INSTALLER FILE: 61.31KB
ARCHIVE FILE: 45.9MB 
EXPECTED FILE/DIRECTORY COUNT: 8,880
ACTUAL FILE/DIRECTORY COUNT: 8,879
ARCHIVE CONSISTENCY TEST: Pass

********************************************************************************
RECORD ID:[5]
TOTAL PROCESS RUNTIME: 61.94 sec.
PEAK PHP MEMORY USED: 10MB
DONE PROCESSING => 20201027_easybuy November 7, 2020 4:20 am

